#
# A fatal error has been detected by the Java Runtime Environment:
#
#  SIGSEGV (0xb) at pc=0x0000000107c5c8f7, pid=4748, tid=0x0000000000005303
#
# JRE version: Java(TM) SE Runtime Environment (8.0_291-b10) (build 1.8.0_291-b10)
# Java VM: Java HotSpot(TM) 64-Bit Server VM (25.291-b10 mixed mode bsd-amd64 compressed oops)
# Problematic frame:
# V  [libjvm.dylib+0x45c8f7]  MemberNameTable::adjust_method_entries(InstanceKlass*, bool*)+0x83
#
# Failed to write core dump. Core dumps have been disabled. To enable core dumping, try "ulimit -c unlimited" before starting Java again
#
# If you would like to submit a bug report, please visit:
#   http://bugreport.java.com/bugreport/crash.jsp
#

---------------  T H R E A D  ---------------

Current thread (0x00007fa974011800):  VMThread [stack: 0x000070000c3da000,0x000070000c4da000] [id=21251]

siginfo: si_signo: 11 (SIGSEGV), si_code: 0 (unknown), si_addr: 0x0000000000000000

Registers:
RAX=0x01010100070c0054, RBX=0x00007fa9765e5550, RCX=0x0000000000018000, RDX=0x000070000c4d9b68
RSP=0x000070000c4d9aa0, RBP=0x000070000c4d9b00, RSI=0x00000007c030e428, RDI=0x0000000740db8038
R8 =0x000000010d470058, R9 =0x0000000000005002, R10=0x00000000fffffffc, R11=0x00007fa97682f990
R12=0x00000001108e3538, R13=0x0000000000000000, R14=0x0000000740db8038, R15=0x0000000000000000
RIP=0x0000000107c5c8f7, EFLAGS=0x0000000000010246, ERR=0x0000000000000000
  TRAPNO=0x000000000000000d

Top of Stack: (sp=0x000070000c4d9aa0)
0x000070000c4d9aa0:   00007fa973908aa0 00000007c0000028
0x000070000c4d9ab0:   0000000107f19458 0000000000000000
0x000070000c4d9ac0:   000070000c4d9b50 00000007c030e428
0x000070000c4d9ad0:   000070000c4d9b68 00000007c030e428
0x000070000c4d9ae0:   0000000107f19458 0000000000000000
0x000070000c4d9af0:   000070000c9eba90 00007fa974011800
0x000070000c4d9b00:   000070000c4d9bd0 0000000107b9f4f4
0x000070000c4d9b10:   0000000114a63be0 00007fa974011800
0x000070000c4d9b20:   00007fa973908a50 00007fa973908a90
0x000070000c4d9b30:   00007fa973908aa0 00007fa973908b78
0x000070000c4d9b40:   00000000000000d8 000070000c4d9c10
0x000070000c4d9b50:   0000000107ed1590 0000000107c68000
0x000070000c4d9b60:   00007fa974011800 00007fa973908400
0x000070000c4d9b70:   00007fa97312bc00 00007fa97312c590
0x000070000c4d9b80:   00007fa973133be8 00000000000302e8
0x000070000c4d9b90:   000070000c9eba90 00007fa974011800
0x000070000c4d9ba0:   000000020c4d9bd0 0000000000000003
0x000070000c4d9bb0:   0000000000000048 0000000107f0c130
0x000070000c4d9bc0:   00007fa974011800 000070000c9eba90
0x000070000c4d9bd0:   000070000c4d9c70 0000000107b9f020
0x000070000c4d9be0:   0000000113f71500 0000000000000000
0x000070000c4d9bf0:   000070000c4d9c10 0000000107d7c703
0x000070000c4d9c00:   0000000000000c00 0000000000000000
0x000070000c4d9c10:   00007fa974011800 00007fa973908a50
0x000070000c4d9c20:   00007fa973908a90 00007fa973908aa0
0x000070000c4d9c30:   00007fa973908b78 00000000000000d8
0x000070000c4d9c40:   000070000c4d9d88 0000000113e4d690
0x000070000c4d9c50:   000070000c9eba90 0000000107ee1e80
0x000070000c4d9c60:   000070000c4d9c88 000000000000000f
0x000070000c4d9c70:   000070000c4d9cc0 0000000107da064e
0x000070000c4d9c80:   000070000c4d9c90 00007fa9739084e0
0x000070000c4d9c90:   00007fa971d15a20 00007fa971d15a30 

Instructions: (pc=0x0000000107c5c8f7)
0x0000000107c5c8d7:   01 00 00 49 89 c4 8b 40 20 b9 00 80 01 00 21 c8
0x0000000107c5c8e7:   3d 00 00 01 00 0f 85 70 01 00 00 49 8b 44 24 08
0x0000000107c5c8f7:   0f b7 70 2e 48 8b 7d c8 e8 90 36 e4 ff 49 89 c5
0x0000000107c5c907:   4c 89 f7 48 89 c6 e8 f4 fd e7 ff 48 8d 05 3f cb 

Register to memory mapping:

RAX=0x01010100070c0054 is an unknown value
RBX=0x00007fa9765e5550 is an unknown value
RCX=0x0000000000018000 is an unknown value
RDX=0x000070000c4d9b68 is an unknown value
RSP=0x000070000c4d9aa0 is an unknown value
RBP=0x000070000c4d9b00 is an unknown value
RSI=0x00000007c030e428 is pointing into metadata
RDI=0x0000000740db8038 is an oop
java.lang.invoke.MemberName 
 - klass: 'java/lang/invoke/MemberName'
R8 =0x000000010d470058 is pointing into metadata
R9 =0x0000000000005002 is an unknown value
R10=0x00000000fffffffc is an unknown value
R11=0x00007fa97682f990 is an unknown value
R12=0x00000001108e3538 is pointing into metadata
R13=0x0000000000000000 is an unknown value
R14=0x0000000740db8038 is an oop
java.lang.invoke.MemberName 
 - klass: 'java/lang/invoke/MemberName'
R15=0x0000000000000000 is an unknown value


Stack: [0x000070000c3da000,0x000070000c4da000],  sp=0x000070000c4d9aa0,  free space=1022k
Native frames: (J=compiled Java code, j=interpreted, Vv=VM code, C=native code)
V  [libjvm.dylib+0x45c8f7]  MemberNameTable::adjust_method_entries(InstanceKlass*, bool*)+0x83
V  [libjvm.dylib+0x39f4f4]  VM_RedefineClasses::redefine_single_class(_jclass*, Klass*, Thread*)+0x384
V  [libjvm.dylib+0x39f020]  VM_RedefineClasses::doit()+0x7e
V  [libjvm.dylib+0x5a064e]  VM_Operation::evaluate()+0x46
V  [libjvm.dylib+0x59fbf1]  VMThread::evaluate_operation(VM_Operation*)+0x149
V  [libjvm.dylib+0x59f635]  VMThread::loop()+0xb9
V  [libjvm.dylib+0x59f470]  VMThread::run()+0x74
V  [libjvm.dylib+0x48c57b]  java_start(Thread*)+0xfa
C  [libsystem_pthread.dylib+0x6950]  _pthread_start+0xe0
C  [libsystem_pthread.dylib+0x247b]  thread_start+0xf

VM_Operation (0x000070000c9eba90): RedefineClasses, mode: safepoint, requested by thread 0x00007fa97402e000, redefining class com.jumia.app.service.CustomerServiceImpl



---------------  P R O C E S S  ---------------

Java Threads: ( => current thread )
  0x00007fa97293b800 JavaThread "JMX server connection timeout 185" daemon [_thread_blocked, id=37139, stack(0x000070000f46d000,0x000070000f56d000)]
  0x00007fa97293b000 JavaThread "RMI TCP Connection(46)-127.0.0.1" daemon [_thread_blocked, id=36115, stack(0x000070000f267000,0x000070000f367000)]
  0x00007fa972045000 JavaThread "RMI TCP Connection(45)-127.0.0.1" daemon [_thread_in_native, id=28179, stack(0x000070000f164000,0x000070000f264000)]
  0x00007fa97456a000 JavaThread "RMI TCP Connection(44)-127.0.0.1" daemon [_thread_in_native, id=25619, stack(0x000070000f061000,0x000070000f161000)]
  0x00007fa9728c2000 JavaThread "http-nio-8088-Acceptor" daemon [_thread_in_native, id=34827, stack(0x000070000ef5e000,0x000070000f05e000)]
  0x00007fa9732d2800 JavaThread "http-nio-8088-ClientPoller" daemon [_thread_in_native, id=35083, stack(0x000070000ee5b000,0x000070000ef5b000)]
  0x00007fa974569800 JavaThread "http-nio-8088-exec-10" daemon [_thread_blocked, id=23319, stack(0x000070000ed58000,0x000070000ee58000)]
  0x00007fa9728c1000 JavaThread "http-nio-8088-exec-9" daemon [_thread_blocked, id=23055, stack(0x000070000ec55000,0x000070000ed55000)]
  0x00007fa9741e8800 JavaThread "http-nio-8088-exec-8" daemon [_thread_blocked, id=27411, stack(0x000070000eb52000,0x000070000ec52000)]
  0x00007fa974317800 JavaThread "http-nio-8088-exec-7" daemon [_thread_blocked, id=36883, stack(0x000070000ea4f000,0x000070000eb4f000)]
  0x00007fa975a0c000 JavaThread "http-nio-8088-exec-6" daemon [_thread_blocked, id=23835, stack(0x000070000e94c000,0x000070000ea4c000)]
  0x00007fa9728c0800 JavaThread "http-nio-8088-exec-5" daemon [_thread_blocked, id=25875, stack(0x000070000e849000,0x000070000e949000)]
  0x00007fa9728bd800 JavaThread "http-nio-8088-exec-4" daemon [_thread_blocked, id=41491, stack(0x000070000e746000,0x000070000e846000)]
  0x00007fa972af4000 JavaThread "http-nio-8088-exec-3" daemon [_thread_blocked, id=29459, stack(0x000070000e643000,0x000070000e743000)]
  0x00007fa973182800 JavaThread "http-nio-8088-exec-2" daemon [_thread_blocked, id=34579, stack(0x000070000e540000,0x000070000e640000)]
  0x00007fa972047800 JavaThread "http-nio-8088-exec-1" daemon [_thread_blocked, id=42515, stack(0x000070000e43d000,0x000070000e53d000)]
  0x00007fa972044000 JavaThread "http-nio-8088-BlockPoller" daemon [_thread_in_native, id=41747, stack(0x000070000e33a000,0x000070000e43a000)]
  0x00007fa9732c9800 JavaThread "File Watcher" daemon [_thread_blocked, id=36627, stack(0x000070000e134000,0x000070000e234000)]
  0x00007fa97456e000 JavaThread "task-2" [_thread_blocked, id=26131, stack(0x000070000e031000,0x000070000e131000)]
  0x00007fa97459e000 JavaThread "HikariPool-5 connection adder" daemon [_thread_blocked, id=20251, stack(0x000070000df2e000,0x000070000e02e000)]
  0x00007fa972048800 JavaThread "task-1" [_thread_blocked, id=38419, stack(0x000070000de2b000,0x000070000df2b000)]
  0x00007fa97204a800 JavaThread "HikariPool-5 housekeeper" daemon [_thread_blocked, id=28435, stack(0x000070000dd28000,0x000070000de28000)]
  0x00007fa973166000 JavaThread "container-0" [_thread_blocked, id=25111, stack(0x000070000dc25000,0x000070000dd25000)]
  0x00007fa974477800 JavaThread "Catalina-utility-2" [_thread_blocked, id=26899, stack(0x000070000db22000,0x000070000dc22000)]
  0x00007fa973198000 JavaThread "Catalina-utility-1" [_thread_blocked, id=35863, stack(0x000070000d91c000,0x000070000da1c000)]
  0x00007fa97318b000 JavaThread "JMX server connection timeout 154" daemon [_thread_blocked, id=41223, stack(0x000070000d613000,0x000070000d713000)]
  0x00007fa973196000 JavaThread "RMI TCP Connection(43)-127.0.0.1" daemon [_thread_in_native, id=12327, stack(0x000070000d40d000,0x000070000d50d000)]
  0x00007fa97309d800 JavaThread "DestroyJavaVM" [_thread_blocked, id=3843, stack(0x000070000becb000,0x000070000bfcb000)]
  0x00007fa974551800 JavaThread "Live Reload Server" daemon [_thread_in_native, id=38151, stack(0x000070000e237000,0x000070000e337000)]
  0x00007fa972717800 JavaThread "Attach Listener" daemon [_thread_blocked, id=40459, stack(0x000070000da1f000,0x000070000db1f000)]
  0x00007fa972363000 JavaThread "RMI Scheduler(0)" daemon [_thread_blocked, id=22531, stack(0x000070000d510000,0x000070000d610000)]
  0x00007fa974165000 JavaThread "RMI TCP Accept-0" daemon [_thread_in_native, id=22019, stack(0x000070000d207000,0x000070000d307000)]
  0x00007fa972307800 JavaThread "RMI TCP Accept-52306" daemon [_thread_in_native, id=21763, stack(0x000070000d104000,0x000070000d204000)]
  0x00007fa974157800 JavaThread "RMI TCP Accept-0" daemon [_thread_in_native, id=16131, stack(0x000070000d001000,0x000070000d101000)]
  0x00007fa974030000 JavaThread "Service Thread" daemon [_thread_blocked, id=15363, stack(0x000070000cefe000,0x000070000cffe000)]
  0x00007fa973060800 JavaThread "C1 CompilerThread2" daemon [_thread_blocked, id=15107, stack(0x000070000cdfb000,0x000070000cefb000)]
  0x00007fa973060000 JavaThread "C2 CompilerThread1" daemon [_thread_blocked, id=14595, stack(0x000070000ccf8000,0x000070000cdf8000)]
  0x00007fa97305f000 JavaThread "C2 CompilerThread0" daemon [_thread_blocked, id=16643, stack(0x000070000cbf5000,0x000070000ccf5000)]
  0x00007fa97402f800 JavaThread "JDWP Command Reader" daemon [_thread_in_native, id=17155, stack(0x000070000caf2000,0x000070000cbf2000)]
  0x00007fa97402e800 JavaThread "JDWP Event Helper Thread" daemon [_thread_blocked, id=17411, stack(0x000070000c9ef000,0x000070000caef000)]
  0x00007fa97402e000 JavaThread "JDWP Transport Listener: dt_socket" daemon [_thread_blocked, id=17671, stack(0x000070000c8ec000,0x000070000c9ec000)]
  0x00007fa97401b800 JavaThread "Signal Dispatcher" daemon [_thread_blocked, id=13315, stack(0x000070000c7e9000,0x000070000c8e9000)]
  0x00007fa972822000 JavaThread "Finalizer" daemon [_thread_blocked, id=11523, stack(0x000070000c5e0000,0x000070000c6e0000)]
  0x00007fa97200d800 JavaThread "Reference Handler" daemon [_thread_blocked, id=20995, stack(0x000070000c4dd000,0x000070000c5dd000)]

Other Threads:
=>0x00007fa974011800 VMThread [stack: 0x000070000c3da000,0x000070000c4da000] [id=21251]
  0x00007fa972310000 WatcherThread [stack: 0x000070000d30a000,0x000070000d40a000] [id=43011]

VM state:at safepoint (normal execution)

VM Mutex/Monitor currently owned by a thread:  ([mutex/lock_event])
[0x00007fa971c08540] Threads_lock - owner thread: 0x00007fa974011800

heap address: 0x0000000740000000, size: 2048 MB, Compressed Oops mode: Zero based, Oop shift amount: 3
Narrow klass base: 0x0000000000000000, Narrow klass shift: 3
Compressed class space size: 1073741824 Address: 0x00000007c0000000

Heap:
 PSYoungGen      total 314880K, used 137235K [0x0000000795580000, 0x00000007a9680000, 0x00000007c0000000)
  eden space 302080K, 45% used [0x0000000795580000,0x000000079db84e20,0x00000007a7c80000)
  from space 12800K, 0% used [0x00000007a8a00000,0x00000007a8a00000,0x00000007a9680000)
  to   space 13312K, 0% used [0x00000007a7c80000,0x00000007a7c80000,0x00000007a8980000)
 ParOldGen       total 75776K, used 17698K [0x0000000740000000, 0x0000000744a00000, 0x0000000795580000)
  object space 75776K, 23% used [0x0000000740000000,0x0000000741148940,0x0000000744a00000)
 Metaspace       used 55555K, capacity 59084K, committed 59352K, reserved 1099776K
  class space    used 7725K, capacity 8370K, committed 8448K, reserved 1048576K

Card table byte_map: [0x00000001089c4000,0x0000000108dc5000] byte_map_base: 0x0000000104fc4000

Marking Bits: (ParMarkBitMap*) 0x0000000107f23288
 Begin Bits: [0x0000000109070000, 0x000000010b070000)
 End Bits:   [0x000000010b070000, 0x000000010d070000)

Polling page: 0x0000000105545000

CodeCache: size=245760Kb used=12369Kb max_used=12369Kb free=233390Kb
 bounds [0x0000000113e4d000, 0x0000000114a6d000, 0x0000000122e4d000]
 total_blobs=6626 nmethods=6119 adapters=427
 compilation: enabled

Compilation events (10 events):
Event: 1553.723 Thread 0x00007fa973060800 6201   !   1       sun.rmi.server.LoaderHandler::loadClass (470 bytes)
Event: 1553.733 Thread 0x00007fa973060800 nmethod 6201 0x0000000114a5dfd0 code [0x0000000114a5e580, 0x0000000114a606a8]
Event: 1553.843 Thread 0x00007fa973060800 6202       1       java.io.ObjectStreamClass::getVariantFor (51 bytes)
Event: 1553.843 Thread 0x00007fa973060800 nmethod 6202 0x0000000114a63050 code [0x0000000114a631c0, 0x0000000114a633f8]
Event: 1553.844 Thread 0x00007fa973060800 6203       1       java.io.ObjectStreamClass$ClassDataSlot::<init> (15 bytes)
Event: 1553.844 Thread 0x00007fa973060800 nmethod 6203 0x0000000114a634d0 code [0x0000000114a63620, 0x0000000114a63750]
Event: 1553.844 Thread 0x00007fa973060800 6204       1       java.io.ObjectInputStream$HandleTable::size (5 bytes)
Event: 1553.844 Thread 0x00007fa973060800 nmethod 6204 0x0000000114a637d0 code [0x0000000114a63920, 0x0000000114a63a30]
Event: 1553.963 Thread 0x00007fa973060800 6205       1       com.sun.jmx.remote.internal.ServerCommunicatorAdmin::access$100 (5 bytes)
Event: 1553.963 Thread 0x00007fa973060800 nmethod 6205 0x0000000114a63a90 code [0x0000000114a63be0, 0x0000000114a63cd0]

GC Heap History (10 events):
Event: 177.344 GC heap before
{Heap before GC invocations=16 (full 4):
 PSYoungGen      total 315904K, used 3589K [0x0000000795580000, 0x00000007a9780000, 0x00000007c0000000)
  eden space 302080K, 0% used [0x0000000795580000,0x0000000795580000,0x00000007a7c80000)
  from space 13824K, 25% used [0x00000007a8a00000,0x00000007a8d81790,0x00000007a9780000)
  to   space 13824K, 0% used [0x00000007a7c80000,0x00000007a7c80000,0x00000007a8a00000)
 ParOldGen       total 75776K, used 22294K [0x0000000740000000, 0x0000000744a00000, 0x0000000795580000)
  object space 75776K, 29% used [0x0000000740000000,0x00000007415c58f0,0x0000000744a00000)
 Metaspace       used 54886K, capacity 58040K, committed 58200K, reserved 1099776K
  class space    used 7653K, capacity 8213K, committed 8320K, reserved 1048576K
Event: 177.489 GC heap after
Heap after GC invocations=16 (full 4):
 PSYoungGen      total 315904K, used 0K [0x0000000795580000, 0x00000007a9780000, 0x00000007c0000000)
  eden space 302080K, 0% used [0x0000000795580000,0x0000000795580000,0x00000007a7c80000)
  from space 13824K, 0% used [0x00000007a8a00000,0x00000007a8a00000,0x00000007a9780000)
  to   space 13824K, 0% used [0x00000007a7c80000,0x00000007a7c80000,0x00000007a8a00000)
 ParOldGen       total 75776K, used 17278K [0x0000000740000000, 0x0000000744a00000, 0x0000000795580000)
  object space 75776K, 22% used [0x0000000740000000,0x00000007410df828,0x0000000744a00000)
 Metaspace       used 54883K, capacity 58034K, committed 58200K, reserved 1099776K
  class space    used 7653K, capacity 8211K, committed 8320K, reserved 1048576K
}
Event: 196.881 GC heap before
{Heap before GC invocations=17 (full 4):
 PSYoungGen      total 315904K, used 146742K [0x0000000795580000, 0x00000007a9780000, 0x00000007c0000000)
  eden space 302080K, 48% used [0x0000000795580000,0x000000079e4cd930,0x00000007a7c80000)
  from space 13824K, 0% used [0x00000007a8a00000,0x00000007a8a00000,0x00000007a9780000)
  to   space 13824K, 0% used [0x00000007a7c80000,0x00000007a7c80000,0x00000007a8a00000)
 ParOldGen       total 75776K, used 17278K [0x0000000740000000, 0x0000000744a00000, 0x0000000795580000)
  object space 75776K, 22% used [0x0000000740000000,0x00000007410df828,0x0000000744a00000)
 Metaspace       used 55090K, capacity 58294K, committed 58456K, reserved 1099776K
  class space    used 7675K, capacity 8264K, committed 8320K, reserved 1048576K
Event: 196.886 GC heap after
Heap after GC invocations=17 (full 4):
 PSYoungGen      total 315904K, used 3538K [0x0000000795580000, 0x00000007a9780000, 0x00000007c0000000)
  eden space 302080K, 0% used [0x0000000795580000,0x0000000795580000,0x00000007a7c80000)
  from space 13824K, 25% used [0x00000007a7c80000,0x00000007a7ff48a0,0x00000007a8a00000)
  to   space 13824K, 0% used [0x00000007a8a00000,0x00000007a8a00000,0x00000007a9780000)
 ParOldGen       total 75776K, used 17286K [0x0000000740000000, 0x0000000744a00000, 0x0000000795580000)
  object space 75776K, 22% used [0x0000000740000000,0x00000007410e1828,0x0000000744a00000)
 Metaspace       used 55090K, capacity 58294K, committed 58456K, reserved 1099776K
  class space    used 7675K, capacity 8264K, committed 8320K, reserved 1048576K
}
Event: 196.886 GC heap before
{Heap before GC invocations=18 (full 5):
 PSYoungGen      total 315904K, used 3538K [0x0000000795580000, 0x00000007a9780000, 0x00000007c0000000)
  eden space 302080K, 0% used [0x0000000795580000,0x0000000795580000,0x00000007a7c80000)
  from space 13824K, 25% used [0x00000007a7c80000,0x00000007a7ff48a0,0x00000007a8a00000)
  to   space 13824K, 0% used [0x00000007a8a00000,0x00000007a8a00000,0x00000007a9780000)
 ParOldGen       total 75776K, used 17286K [0x0000000740000000, 0x0000000744a00000, 0x0000000795580000)
  object space 75776K, 22% used [0x0000000740000000,0x00000007410e1828,0x0000000744a00000)
 Metaspace       used 55090K, capacity 58294K, committed 58456K, reserved 1099776K
  class space    used 7675K, capacity 8264K, committed 8320K, reserved 1048576K
Event: 197.138 GC heap after
Heap after GC invocations=18 (full 5):
 PSYoungGen      total 315904K, used 0K [0x0000000795580000, 0x00000007a9780000, 0x00000007c0000000)
  eden space 302080K, 0% used [0x0000000795580000,0x0000000795580000,0x00000007a7c80000)
  from space 13824K, 0% used [0x00000007a7c80000,0x00000007a7c80000,0x00000007a8a00000)
  to   space 13824K, 0% used [0x00000007a8a00000,0x00000007a8a00000,0x00000007a9780000)
 ParOldGen       total 75776K, used 17489K [0x0000000740000000, 0x0000000744a00000, 0x0000000795580000)
  object space 75776K, 23% used [0x0000000740000000,0x0000000741114640,0x0000000744a00000)
 Metaspace       used 55088K, capacity 58288K, committed 58456K, reserved 1099776K
  class space    used 7674K, capacity 8262K, committed 8320K, reserved 1048576K
}
Event: 1551.928 GC heap before
{Heap before GC invocations=19 (full 5):
 PSYoungGen      total 315904K, used 239228K [0x0000000795580000, 0x00000007a9780000, 0x00000007c0000000)
  eden space 302080K, 79% used [0x0000000795580000,0x00000007a3f1f050,0x00000007a7c80000)
  from space 13824K, 0% used [0x00000007a7c80000,0x00000007a7c80000,0x00000007a8a00000)
  to   space 13824K, 0% used [0x00000007a8a00000,0x00000007a8a00000,0x00000007a9780000)
 ParOldGen       total 75776K, used 17489K [0x0000000740000000, 0x0000000744a00000, 0x0000000795580000)
  object space 75776K, 23% used [0x0000000740000000,0x0000000741114640,0x0000000744a00000)
 Metaspace       used 55369K, capacity 58774K, committed 59096K, reserved 1099776K
  class space    used 7710K, capacity 8332K, committed 8448K, reserved 1048576K
Event: 1551.971 GC heap after
Heap after GC invocations=19 (full 5):
 PSYoungGen      total 314880K, used 3845K [0x0000000795580000, 0x00000007a9680000, 0x00000007c0000000)
  eden space 302080K, 0% used [0x0000000795580000,0x0000000795580000,0x00000007a7c80000)
  from space 12800K, 30% used [0x00000007a8a00000,0x00000007a8dc1790,0x00000007a9680000)
  to   space 13312K, 0% used [0x00000007a7c80000,0x00000007a7c80000,0x00000007a8980000)
 ParOldGen       total 75776K, used 17497K [0x0000000740000000, 0x0000000744a00000, 0x0000000795580000)
  object space 75776K, 23% used [0x0000000740000000,0x0000000741116640,0x0000000744a00000)
 Metaspace       used 55369K, capacity 58774K, committed 59096K, reserved 1099776K
  class space    used 7710K, capacity 8332K, committed 8448K, reserved 1048576K
}
Event: 1551.971 GC heap before
{Heap before GC invocations=20 (full 6):
 PSYoungGen      total 314880K, used 3845K [0x0000000795580000, 0x00000007a9680000, 0x00000007c0000000)
  eden space 302080K, 0% used [0x0000000795580000,0x0000000795580000,0x00000007a7c80000)
  from space 12800K, 30% used [0x00000007a8a00000,0x00000007a8dc1790,0x00000007a9680000)
  to   space 13312K, 0% used [0x00000007a7c80000,0x00000007a7c80000,0x00000007a8980000)
 ParOldGen       total 75776K, used 17497K [0x0000000740000000, 0x0000000744a00000, 0x0000000795580000)
  object space 75776K, 23% used [0x0000000740000000,0x0000000741116640,0x0000000744a00000)
 Metaspace       used 55369K, capacity 58774K, committed 59096K, reserved 1099776K
  class space    used 7710K, capacity 8332K, committed 8448K, reserved 1048576K
Event: 1552.180 GC heap after
Heap after GC invocations=20 (full 6):
 PSYoungGen      total 314880K, used 0K [0x0000000795580000, 0x00000007a9680000, 0x00000007c0000000)
  eden space 302080K, 0% used [0x0000000795580000,0x0000000795580000,0x00000007a7c80000)
  from space 12800K, 0% used [0x00000007a8a00000,0x00000007a8a00000,0x00000007a9680000)
  to   space 13312K, 0% used [0x00000007a7c80000,0x00000007a7c80000,0x00000007a8980000)
 ParOldGen       total 75776K, used 17698K [0x0000000740000000, 0x0000000744a00000, 0x0000000795580000)
  object space 75776K, 23% used [0x0000000740000000,0x0000000741148940,0x0000000744a00000)
 Metaspace       used 55367K, capacity 58768K, committed 59096K, reserved 1099776K
  class space    used 7709K, capacity 8330K, committed 8448K, reserved 1048576K
}

Deoptimization events (0 events):
No events

Classes redefined (10 events):
Event: 197.249 Thread 0x00007fa974011800 redefined class name=com.jumia.app.service.CustomerServiceImpl, count=3
Event: 197.278 Thread 0x00007fa974011800 redefined class name=com.jumia.app.service.CustomerServiceImpl, count=2
Event: 197.296 Thread 0x00007fa974011800 redefined class name=com.jumia.app.service.CustomerServiceImpl, count=4
Event: 1550.516 Thread 0x00007fa974011800 redefined class name=com.jumia.app.service.CustomerServiceImpl, count=1
Event: 1550.559 Thread 0x00007fa974011800 redefined class name=com.jumia.app.service.CustomerServiceImpl, count=4
Event: 1550.662 Thread 0x00007fa974011800 redefined class name=com.jumia.app.service.CustomerServiceImpl, count=3
Event: 1550.701 Thread 0x00007fa974011800 redefined class name=com.jumia.app.service.CustomerServiceImpl, count=5
Event: 1554.037 Thread 0x00007fa974011800 redefined class name=com.jumia.app.service.CustomerServiceImpl, count=2
Event: 1554.075 Thread 0x00007fa974011800 redefined class name=com.jumia.app.service.CustomerServiceImpl, count=5
Event: 1554.124 Thread 0x00007fa974011800 redefined class name=com.jumia.app.service.CustomerServiceImpl, count=4

Internal exceptions (10 events):
Event: 1553.220 Thread 0x00007fa973087800 Exception <a 'java/lang/ArrayIndexOutOfBoundsException'> (0x000000079bbcb4d0) thrown at [/System/Volumes/Data/jenkins/workspace/8-2-build-macosx-x86_64/jdk8u291/1294/hotspot/src/share/vm/runtime/sharedRuntime.cpp, line 609]
Event: 1553.220 Thread 0x00007fa973087800 Exception <a 'java/lang/ArrayIndexOutOfBoundsException'> (0x000000079bbcfc30) thrown at [/System/Volumes/Data/jenkins/workspace/8-2-build-macosx-x86_64/jdk8u291/1294/hotspot/src/share/vm/runtime/sharedRuntime.cpp, line 609]
Event: 1553.319 Thread 0x00007fa973087800 Exception <a 'java/lang/ArrayIndexOutOfBoundsException'> (0x000000079c1189f0) thrown at [/System/Volumes/Data/jenkins/workspace/8-2-build-macosx-x86_64/jdk8u291/1294/hotspot/src/share/vm/runtime/sharedRuntime.cpp, line 609]
Event: 1553.393 Thread 0x00007fa973087800 Exception <a 'java/lang/ArrayIndexOutOfBoundsException'> (0x000000079c4ecba8) thrown at [/System/Volumes/Data/jenkins/workspace/8-2-build-macosx-x86_64/jdk8u291/1294/hotspot/src/share/vm/runtime/sharedRuntime.cpp, line 609]
Event: 1553.402 Thread 0x00007fa973087800 Exception <a 'java/lang/ArrayIndexOutOfBoundsException'> (0x000000079d32c058) thrown at [/System/Volumes/Data/jenkins/workspace/8-2-build-macosx-x86_64/jdk8u291/1294/hotspot/src/share/vm/runtime/sharedRuntime.cpp, line 609]
Event: 1553.428 Thread 0x00007fa973087800 Exception <a 'java/lang/ClassNotFoundException': java/lang/ObjectCustomizer> (0x000000079d515378) thrown at [/System/Volumes/Data/jenkins/workspace/8-2-build-macosx-x86_64/jdk8u291/1294/hotspot/src/share/vm/classfile/systemDictionary.cpp, line 212]
Event: 1553.428 Thread 0x00007fa973087800 Exception <a 'java/lang/ArrayIndexOutOfBoundsException'> (0x000000079d5184c8) thrown at [/System/Volumes/Data/jenkins/workspace/8-2-build-macosx-x86_64/jdk8u291/1294/hotspot/src/share/vm/runtime/sharedRuntime.cpp, line 609]
Event: 1553.430 Thread 0x00007fa973087800 Exception <a 'java/lang/ClassNotFoundException': com/jumia/app/entity/CustomerEntityCustomizer> (0x000000079d530e70) thrown at [/System/Volumes/Data/jenkins/workspace/8-2-build-macosx-x86_64/jdk8u291/1294/hotspot/src/share/vm/classfile/systemDictionary.cp
Event: 1553.457 Thread 0x00007fa973087800 Exception <a 'java/lang/ArrayIndexOutOfBoundsException'> (0x000000079d8abb40) thrown at [/System/Volumes/Data/jenkins/workspace/8-2-build-macosx-x86_64/jdk8u291/1294/hotspot/src/share/vm/runtime/sharedRuntime.cpp, line 609]
Event: 1553.461 Thread 0x00007fa973087800 Exception <a 'java/lang/ArrayIndexOutOfBoundsException'> (0x000000079d8bc510) thrown at [/System/Volumes/Data/jenkins/workspace/8-2-build-macosx-x86_64/jdk8u291/1294/hotspot/src/share/vm/runtime/sharedRuntime.cpp, line 609]

Events (10 events):
Event: 1553.477 Thread 0x00007fa973087800 DEOPT UNPACKING pc=0x0000000113e94784 sp=0x000070000d917858 mode 1
Event: 1553.477 Thread 0x00007fa973087800 DEOPT PACKING pc=0x000000011453e44c sp=0x000070000d917a10
Event: 1553.477 Thread 0x00007fa973087800 DEOPT UNPACKING pc=0x0000000113e94784 sp=0x000070000d9177e8 mode 1
Event: 1553.477 Thread 0x00007fa973087800 DEOPT PACKING pc=0x000000011453e44c sp=0x000070000d9179b0
Event: 1553.477 Thread 0x00007fa973087800 DEOPT UNPACKING pc=0x0000000113e94784 sp=0x000070000d917788 mode 1
Event: 1553.483 Thread 0x00007fa973087800 Thread exited: 0x00007fa973087800
Event: 1553.483 Executing VM operation: RevokeBias
Event: 1553.484 Executing VM operation: RevokeBias done
Event: 1553.484 Thread 0x00007fa972049800 Thread exited: 0x00007fa972049800
Event: 1553.964 Executing VM operation: RedefineClasses


Dynamic libraries:
0x00007fff3520f000 	/System/Library/Frameworks/Cocoa.framework/Versions/A/Cocoa
0x00007fff22434000 	/System/Library/Frameworks/Security.framework/Versions/A/Security
0x00007fff3340c000 	/System/Library/Frameworks/ApplicationServices.framework/Versions/A/ApplicationServices
0x00007fff2a6bd000 	/usr/lib/libz.1.dylib
0x00007fff2a785000 	/usr/lib/libSystem.B.dylib
0x00007fff205fa000 	/System/Library/Frameworks/CoreFoundation.framework/Versions/A/CoreFoundation
0x00007fff213a7000 	/System/Library/Frameworks/Foundation.framework/Versions/C/Foundation
0x00007fff2041a000 	/usr/lib/libobjc.A.dylib
0x00007fff22e5b000 	/System/Library/Frameworks/AppKit.framework/Versions/C/AppKit
0x00007fff25cf3000 	/System/Library/Frameworks/CoreData.framework/Versions/A/CoreData
0x00007fff23bbe000 	/System/Library/PrivateFrameworks/UIFoundation.framework/Versions/A/UIFoundation
0x00007fff2fdeb000 	/System/Library/PrivateFrameworks/RemoteViewServices.framework/Versions/A/RemoteViewServices
0x00007fff28be4000 	/System/Library/PrivateFrameworks/XCTTargetBootstrap.framework/Versions/A/XCTTargetBootstrap
0x00007fff2b8c5000 	/usr/lib/libspindump.dylib
0x00007fff23e13000 	/System/Library/Frameworks/UniformTypeIdentifiers.framework/Versions/A/UniformTypeIdentifiers
0x00007fff273ba000 	/usr/lib/libapp_launch_measurement.dylib
0x00007fff273bd000 	/System/Library/PrivateFrameworks/CoreAutoLayout.framework/Versions/A/CoreAutoLayout
0x00007fff28546000 	/System/Library/Frameworks/Metal.framework/Versions/A/Metal
0x00007fff29236000 	/usr/lib/liblangid.dylib
0x00007fff28be8000 	/System/Library/PrivateFrameworks/CoreSVG.framework/Versions/A/CoreSVG
0x00007fff24dfa000 	/System/Library/PrivateFrameworks/SkyLight.framework/Versions/A/SkyLight
0x00007fff25161000 	/System/Library/Frameworks/CoreGraphics.framework/Versions/A/CoreGraphics
0x00007fff30442000 	/System/Library/Frameworks/Accelerate.framework/Versions/A/Accelerate
0x00007fff2b300000 	/System/Library/PrivateFrameworks/IconServices.framework/Versions/A/IconServices
0x00007fff2852b000 	/System/Library/Frameworks/IOSurface.framework/Versions/A/IOSurface
0x00007fff2667c000 	/usr/lib/libDiagnosticMessagesClient.dylib
0x00007fff28bd0000 	/System/Library/PrivateFrameworks/DFRFoundation.framework/Versions/A/DFRFoundation
0x00007fff22786000 	/usr/lib/libicucore.A.dylib
0x00007fff2ce0c000 	/System/Library/Frameworks/AudioToolbox.framework/Versions/A/AudioToolbox
0x00007fff2c0b1000 	/System/Library/PrivateFrameworks/DataDetectorsCore.framework/Versions/A/DataDetectorsCore
0x00007fff288d0000 	/System/Library/Frameworks/Carbon.framework/Versions/A/Frameworks/HIToolbox.framework/Versions/A/HIToolbox
0x00007fff26e15000 	/System/Library/Frameworks/QuartzCore.framework/Versions/A/QuartzCore
0x00007fff2fe27000 	/System/Library/Frameworks/Carbon.framework/Versions/A/Frameworks/SpeechRecognition.framework/Versions/A/SpeechRecognition
0x00007fff27122000 	/System/Library/PrivateFrameworks/CoreUI.framework/Versions/A/CoreUI
0x00007fff21d8f000 	/System/Library/Frameworks/CoreAudio.framework/Versions/A/CoreAudio
0x00007fff26767000 	/System/Library/Frameworks/DiskArbitration.framework/Versions/A/DiskArbitration
0x00007fff2bcc0000 	/System/Library/PrivateFrameworks/MultitouchSupport.framework/Versions/A/MultitouchSupport
0x00007fff2c0a8000 	/System/Library/PrivateFrameworks/InternationalSupport.framework/Versions/A/InternationalSupport
0x00007fff24d6e000 	/usr/lib/libenergytrace.dylib
0x00007fff22d54000 	/System/Library/Frameworks/IOKit.framework/Versions/A/IOKit
0x00007fff30174000 	/System/Library/Frameworks/CoreServices.framework/Versions/A/CoreServices
0x00007fff27350000 	/System/Library/PrivateFrameworks/PerformanceAnalysis.framework/Versions/A/PerformanceAnalysis
0x00007fff6cadd000 	/System/Library/Frameworks/OpenGL.framework/Versions/A/OpenGL
0x00007fff2c12d000 	/System/Library/PrivateFrameworks/UserActivity.framework/Versions/A/UserActivity
0x00007fff257f5000 	/System/Library/Frameworks/ColorSync.framework/Versions/A/ColorSync
0x00007fff28e4d000 	/System/Library/Frameworks/CoreImage.framework/Versions/A/CoreImage
0x00007fff21ba6000 	/System/Library/Frameworks/CoreText.framework/Versions/A/CoreText
0x00007fff28c12000 	/System/Library/Frameworks/ImageIO.framework/Versions/A/ImageIO
0x00007fff2a78b000 	/System/Library/PrivateFrameworks/SoftLinking.framework/Versions/A/SoftLinking
0x00007fff27406000 	/usr/lib/libxml2.2.dylib
0x00007fff204df000 	/usr/lib/libc++.1.dylib
0x00007fff2a9fd000 	/usr/lib/libcompression.dylib
0x00007fff24d6f000 	/usr/lib/libMobileGestalt.dylib
0x00007fff2bfdb000 	/System/Library/PrivateFrameworks/TextureIO.framework/Versions/A/TextureIO
0x00007fff2b023000 	/usr/lib/libate.dylib
0x00007fff2a77f000 	/usr/lib/system/libcache.dylib
0x00007fff2a73b000 	/usr/lib/system/libcommonCrypto.dylib
0x00007fff2a765000 	/usr/lib/system/libcompiler_rt.dylib
0x00007fff2a75a000 	/usr/lib/system/libcopyfile.dylib
0x00007fff20308000 	/usr/lib/system/libcorecrypto.dylib
0x00007fff203d5000 	/usr/lib/system/libdispatch.dylib
0x00007fff20589000 	/usr/lib/system/libdyld.dylib
0x00007fff2a776000 	/usr/lib/system/libkeymgr.dylib
0x00007fff2dbbe000 	/usr/lib/system/liblaunch.dylib
0x00007fff2a719000 	/usr/lib/system/libmacho.dylib
0x00007fff29f33000 	/usr/lib/system/libquarantine.dylib
0x00007fff2a773000 	/usr/lib/system/libremovefile.dylib
0x00007fff24dcb000 	/usr/lib/system/libsystem_asl.dylib
0x00007fff202b8000 	/usr/lib/system/libsystem_blocks.dylib
0x00007fff20456000 	/usr/lib/system/libsystem_c.dylib
0x00007fff2a76d000 	/usr/lib/system/libsystem_collections.dylib
0x00007fff29227000 	/usr/lib/system/libsystem_configuration.dylib
0x00007fff2851a000 	/usr/lib/system/libsystem_containermanager.dylib
0x00007fff2a4b5000 	/usr/lib/system/libsystem_coreservices.dylib
0x00007fff229e8000 	/usr/lib/system/libsystem_darwin.dylib
0x00007fff2a777000 	/usr/lib/system/libsystem_dnssd.dylib
0x00007fff20453000 	/usr/lib/system/libsystem_featureflags.dylib
0x00007fff205ce000 	/usr/lib/system/libsystem_info.dylib
0x00007fff2a6d0000 	/usr/lib/system/libsystem_m.dylib
0x00007fff203a8000 	/usr/lib/system/libsystem_malloc.dylib
0x00007fff24d5f000 	/usr/lib/system/libsystem_networkextension.dylib
0x00007fff22e03000 	/usr/lib/system/libsystem_notify.dylib
0x00007fff30072000 	/usr/lib/system/libsystem_product_info_filter.dylib
0x00007fff2922b000 	/usr/lib/system/libsystem_sandbox.dylib
0x00007fff2a770000 	/usr/lib/system/libsystem_secinit.dylib
0x00007fff2054e000 	/usr/lib/system/libsystem_kernel.dylib
0x00007fff205c4000 	/usr/lib/system/libsystem_platform.dylib
0x00007fff2057d000 	/usr/lib/system/libsystem_pthread.dylib
0x00007fff264ca000 	/usr/lib/system/libsystem_symptoms.dylib
0x00007fff202f0000 	/usr/lib/system/libsystem_trace.dylib
0x00007fff2a747000 	/usr/lib/system/libunwind.dylib
0x00007fff202ba000 	/usr/lib/system/libxpc.dylib
0x00007fff20535000 	/usr/lib/libc++abi.dylib
0x00007fff2a752000 	/usr/lib/liboah.dylib
0x00007fff2ae08000 	/usr/lib/liblzma.5.dylib
0x00007fff210bb000 	/System/Library/Frameworks/SystemConfiguration.framework/Versions/A/SystemConfiguration
0x00007fff2a787000 	/usr/lib/libfakelink.dylib
0x00007fff248c1000 	/System/Library/Frameworks/CFNetwork.framework/Versions/A/CFNetwork
0x00007fff2a8c7000 	/usr/lib/libarchive.2.dylib
0x00007fff21139000 	/usr/lib/libCRFSuite.dylib
0x00007fff29f5a000 	/usr/lib/libbsm.0.dylib
0x00007fff2427d000 	/usr/lib/libnetwork.dylib
0x00007fff2a78c000 	/usr/lib/libpcap.A.dylib
0x00007fff264c3000 	/usr/lib/libdns_services.dylib
0x00007fff2ae21000 	/usr/lib/libcoretls_cfhelpers.dylib
0x00007fff2a9cb000 	/usr/lib/libapple_nghttp2.dylib
0x00007fff2a71f000 	/usr/lib/system/libkxld.dylib
0x00007fff26129000 	/usr/lib/libsqlite3.dylib
0x00007fff2a497000 	/System/Library/PrivateFrameworks/AppleFSCompression.framework/Versions/A/AppleFSCompression
0x00007fff29f42000 	/usr/lib/libcoretls.dylib
0x00007fff2a9f8000 	/usr/lib/libpam.2.dylib
0x00007fff2af1e000 	/usr/lib/libxar.1.dylib
0x00007fff29232000 	/System/Library/PrivateFrameworks/AppleSystemInfo.framework/Versions/A/AppleSystemInfo
0x00007fff29b85000 	/System/Library/PrivateFrameworks/IOMobileFramebuffer.framework/Versions/A/IOMobileFramebuffer
0x00007fff2a4a7000 	/usr/lib/libbz2.1.0.dylib
0x00007fff2a7c4000 	/usr/lib/libiconv.2.dylib
0x00007fff2a718000 	/usr/lib/libcharset.1.dylib
0x00007fff2738c000 	/System/Library/Frameworks/CoreServices.framework/Versions/A/Frameworks/FSEvents.framework/Versions/A/FSEvents
0x00007fff229f2000 	/System/Library/Frameworks/CoreServices.framework/Versions/A/Frameworks/CarbonCore.framework/Versions/A/CarbonCore
0x00007fff266cc000 	/System/Library/Frameworks/CoreServices.framework/Versions/A/Frameworks/Metadata.framework/Versions/A/Metadata
0x00007fff2a4ba000 	/System/Library/Frameworks/CoreServices.framework/Versions/A/Frameworks/OSServices.framework/Versions/A/OSServices
0x00007fff2a939000 	/System/Library/Frameworks/CoreServices.framework/Versions/A/Frameworks/SearchKit.framework/Versions/A/SearchKit
0x00007fff2644d000 	/System/Library/Frameworks/CoreServices.framework/Versions/A/Frameworks/AE.framework/Versions/A/AE
0x00007fff20a96000 	/System/Library/Frameworks/CoreServices.framework/Versions/A/Frameworks/LaunchServices.framework/Versions/A/LaunchServices
0x00007fff2adb9000 	/System/Library/Frameworks/CoreServices.framework/Versions/A/Frameworks/DictionaryServices.framework/Versions/A/DictionaryServices
0x00007fff27395000 	/System/Library/Frameworks/CoreServices.framework/Versions/A/Frameworks/SharedFileList.framework/Versions/A/SharedFileList
0x00007fff29f36000 	/usr/lib/libCheckFix.dylib
0x00007fff24de2000 	/System/Library/PrivateFrameworks/TCC.framework/Versions/A/TCC
0x00007fff29238000 	/System/Library/PrivateFrameworks/CoreNLP.framework/Versions/A/CoreNLP
0x00007fff2667f000 	/System/Library/PrivateFrameworks/MetadataUtilities.framework/Versions/A/MetadataUtilities
0x00007fff2116f000 	/usr/lib/libmecabra.dylib
0x00007fff2a249000 	/System/Library/Frameworks/MLCompute.framework/Versions/A/MLCompute
0x00007fff29f6b000 	/usr/lib/libmecab.dylib
0x00007fff29fb5000 	/usr/lib/libgermantok.dylib
0x00007fff2a9a1000 	/usr/lib/libThaiTokenizer.dylib
0x00007fff2af59000 	/usr/lib/libChineseTokenizer.dylib
0x00007fff2a9f6000 	/System/Library/Frameworks/MetalPerformanceShaders.framework/Versions/A/MetalPerformanceShaders
0x00007fff2676e000 	/System/Library/Frameworks/Accelerate.framework/Versions/A/Frameworks/vImage.framework/Versions/A/vImage
0x00007fff3014d000 	/System/Library/Frameworks/Accelerate.framework/Versions/A/Frameworks/vecLib.framework/Versions/A/vecLib
0x00007fff2af64000 	/System/Library/Frameworks/Accelerate.framework/Versions/A/Frameworks/vecLib.framework/Versions/A/libvMisc.dylib
0x00007fff2999e000 	/System/Library/Frameworks/Accelerate.framework/Versions/A/Frameworks/vecLib.framework/Versions/A/libvDSP.dylib
0x00007fff20d9a000 	/System/Library/Frameworks/Accelerate.framework/Versions/A/Frameworks/vecLib.framework/Versions/A/libBLAS.dylib
0x00007fff2aa1c000 	/System/Library/Frameworks/Accelerate.framework/Versions/A/Frameworks/vecLib.framework/Versions/A/libLAPACK.dylib
0x00007fff29fbb000 	/System/Library/Frameworks/Accelerate.framework/Versions/A/Frameworks/vecLib.framework/Versions/A/libLinearAlgebra.dylib
0x00007fff2a9e3000 	/System/Library/Frameworks/Accelerate.framework/Versions/A/Frameworks/vecLib.framework/Versions/A/libSparseBLAS.dylib
0x00007fff2aa16000 	/System/Library/Frameworks/Accelerate.framework/Versions/A/Frameworks/vecLib.framework/Versions/A/libQuadrature.dylib
0x00007fff292e0000 	/System/Library/Frameworks/Accelerate.framework/Versions/A/Frameworks/vecLib.framework/Versions/A/libBNNS.dylib
0x00007fff2104c000 	/System/Library/Frameworks/Accelerate.framework/Versions/A/Frameworks/vecLib.framework/Versions/A/libSparse.dylib
0x00007fff291cb000 	/System/Library/Frameworks/MetalPerformanceShaders.framework/Versions/A/Frameworks/MPSCore.framework/Versions/A/MPSCore
0x00007fff2a406000 	/System/Library/Frameworks/MetalPerformanceShaders.framework/Versions/A/Frameworks/MPSImage.framework/Versions/A/MPSImage
0x00007fff29fd1000 	/System/Library/Frameworks/MetalPerformanceShaders.framework/Versions/A/Frameworks/MPSNeuralNetwork.framework/Versions/A/MPSNeuralNetwork
0x00007fff2a391000 	/System/Library/Frameworks/MetalPerformanceShaders.framework/Versions/A/Frameworks/MPSMatrix.framework/Versions/A/MPSMatrix
0x00007fff2a1f9000 	/System/Library/Frameworks/MetalPerformanceShaders.framework/Versions/A/Frameworks/MPSRayIntersector.framework/Versions/A/MPSRayIntersector
0x00007fff2a3c8000 	/System/Library/Frameworks/MetalPerformanceShaders.framework/Versions/A/Frameworks/MPSNDArray.framework/Versions/A/MPSNDArray
0x00007fff20cc6000 	/System/Library/PrivateFrameworks/MetalTools.framework/Versions/A/MetalTools
0x00007fff29230000 	/System/Library/PrivateFrameworks/AggregateDictionary.framework/Versions/A/AggregateDictionary
0x00007fff26657000 	/System/Library/PrivateFrameworks/CoreAnalytics.framework/Versions/A/CoreAnalytics
0x00007fff2a9a3000 	/System/Library/PrivateFrameworks/AppleSauce.framework/Versions/A/AppleSauce
0x00007fff2853d000 	/System/Library/PrivateFrameworks/IOAccelerator.framework/Versions/A/IOAccelerator
0x00007fff6cad1000 	/System/Library/Frameworks/OpenGL.framework/Versions/A/Libraries/libCoreFSCache.dylib
0x00007fff2170b000 	/System/Library/PrivateFrameworks/LanguageModeling.framework/Versions/A/LanguageModeling
0x00007fff29b72000 	/System/Library/PrivateFrameworks/CoreEmoji.framework/Versions/A/CoreEmoji
0x00007fff292d9000 	/System/Library/PrivateFrameworks/LinguisticData.framework/Versions/A/LinguisticData
0x00007fff20ffe000 	/System/Library/PrivateFrameworks/Lexicon.framework/Versions/A/Lexicon
0x00007fff2a8b5000 	/usr/lib/libcmph.dylib
0x00007fff2736c000 	/System/Library/Frameworks/OpenDirectory.framework/Versions/A/Frameworks/CFOpenDirectory.framework/Versions/A/CFOpenDirectory
0x00007fff2735c000 	/System/Library/Frameworks/OpenDirectory.framework/Versions/A/OpenDirectory
0x00007fff2ae23000 	/System/Library/PrivateFrameworks/APFS.framework/Versions/A/APFS
0x00007fff29e97000 	/System/Library/Frameworks/SecurityFoundation.framework/Versions/A/SecurityFoundation
0x00007fff2af2c000 	/usr/lib/libutil.dylib
0x00007fff22d19000 	/System/Library/PrivateFrameworks/CoreServicesStore.framework/Versions/A/CoreServicesStore
0x00007fff29f2e000 	/System/Library/Frameworks/ServiceManagement.framework/Versions/A/ServiceManagement
0x00007fff2af30000 	/usr/lib/libxslt.1.dylib
0x00007fff29f24000 	/System/Library/PrivateFrameworks/BackgroundTaskManagement.framework/Versions/A/BackgroundTaskManagement
0x00007fff2bf25000 	/System/Library/Frameworks/ImageIO.framework/Versions/A/Resources/libRadiance.dylib
0x00007fff2bf2f000 	/System/Library/Frameworks/ImageIO.framework/Versions/A/Resources/libJPEG.dylib
0x00007fff2be7a000 	/System/Library/Frameworks/ImageIO.framework/Versions/A/Resources/libPng.dylib
0x00007fff2bea1000 	/System/Library/Frameworks/ImageIO.framework/Versions/A/Resources/libTIFF.dylib
0x00007fff2bf84000 	/System/Library/Frameworks/ImageIO.framework/Versions/A/Resources/libGIF.dylib
0x00007fff2bbdd000 	/System/Library/Frameworks/ImageIO.framework/Versions/A/Resources/libJP2.dylib
0x00007fff2b2c7000 	/usr/lib/libexpat.1.dylib
0x00007fff2bb92000 	/System/Library/PrivateFrameworks/AppleJPEG.framework/Versions/A/AppleJPEG
0x00007fff28773000 	/System/Library/PrivateFrameworks/FontServices.framework/libFontParser.dylib
0x00007fff26401000 	/System/Library/PrivateFrameworks/RunningBoardServices.framework/Versions/A/RunningBoardServices
0x00007fff2bcbc000 	/System/Library/PrivateFrameworks/WatchdogClient.framework/Versions/A/WatchdogClient
0x00007fff217f8000 	/System/Library/Frameworks/CoreDisplay.framework/Versions/A/CoreDisplay
0x00007fff28689000 	/System/Library/Frameworks/CoreMedia.framework/Versions/A/CoreMedia
0x00007fff274e9000 	/System/Library/Frameworks/CoreVideo.framework/Versions/A/CoreVideo
0x00007fff2bcf4000 	/System/Library/Frameworks/VideoToolbox.framework/Versions/A/VideoToolbox
0x00007fff2637f000 	/System/Library/PrivateFrameworks/BaseBoard.framework/Versions/A/BaseBoard
0x00007fff2b40c000 	/System/Library/PrivateFrameworks/PersistentConnection.framework/Versions/A/PersistentConnection
0x00007fff26112000 	/System/Library/PrivateFrameworks/ProtocolBuffer.framework/Versions/A/ProtocolBuffer
0x00007fff26366000 	/System/Library/PrivateFrameworks/CommonUtilities.framework/Versions/A/CommonUtilities
0x00007fff2bb27000 	/System/Library/PrivateFrameworks/Bom.framework/Versions/A/Bom
0x00007fff2bf1e000 	/System/Library/PrivateFrameworks/GPUWrangler.framework/Versions/A/GPUWrangler
0x00007fff2bf01000 	/System/Library/PrivateFrameworks/IOPresentment.framework/Versions/A/IOPresentment
0x00007fff2bf29000 	/System/Library/PrivateFrameworks/DSExternalDisplay.framework/Versions/A/DSExternalDisplay
0x00007fff2bf89000 	/System/Library/PrivateFrameworks/CMCaptureCore.framework/Versions/A/CMCaptureCore
0x00007fff2b8ac000 	/System/Library/PrivateFrameworks/AppServerSupport.framework/Versions/A/AppServerSupport
0x00007fff2d95d000 	/System/Library/PrivateFrameworks/perfdata.framework/Versions/A/perfdata
0x00007fff29e86000 	/System/Library/PrivateFrameworks/AssertionServices.framework/Versions/A/AssertionServices
0x00007fff2192f000 	/System/Library/PrivateFrameworks/AudioToolboxCore.framework/Versions/A/AudioToolboxCore
0x00007fff2866c000 	/System/Library/PrivateFrameworks/caulk.framework/Versions/A/caulk
0x00007fff3d608000 	/System/Library/PrivateFrameworks/SystemPolicy.framework/Versions/A/SystemPolicy
0x00007fff2b0bc000 	/usr/lib/libIOReport.dylib
0x00007fff2d17f000 	/usr/lib/libSMC.dylib
0x00007fff2be47000 	/usr/lib/libAudioToolboxUtility.dylib
0x00007fff3df72000 	/usr/lib/libmis.dylib
0x00007fff6cb2d000 	/System/Library/Frameworks/OpenGL.framework/Versions/A/Libraries/libGLU.dylib
0x00007fff6caf0000 	/System/Library/Frameworks/OpenGL.framework/Versions/A/Libraries/libGFXShared.dylib
0x00007fff6ccff000 	/System/Library/Frameworks/OpenGL.framework/Versions/A/Libraries/libGL.dylib
0x00007fff6caf9000 	/System/Library/Frameworks/OpenGL.framework/Versions/A/Libraries/libGLImage.dylib
0x00007fff6caed000 	/System/Library/Frameworks/OpenGL.framework/Versions/A/Libraries/libCVMSPluginSupport.dylib
0x00007fff6cad8000 	/System/Library/Frameworks/OpenGL.framework/Versions/A/Libraries/libCoreVMClient.dylib
0x00007fff6e140000 	/System/Library/Frameworks/OpenCL.framework/Versions/A/OpenCL
0x00007fff2b436000 	/System/Library/PrivateFrameworks/GraphVisualizer.framework/Versions/A/GraphVisualizer
0x00007fff2b445000 	/System/Library/PrivateFrameworks/FaceCore.framework/Versions/A/FaceCore
0x00007fff2b861000 	/System/Library/PrivateFrameworks/OTSVG.framework/Versions/A/OTSVG
0x00007fff270e0000 	/System/Library/Frameworks/ApplicationServices.framework/Versions/A/Frameworks/ATS.framework/Versions/A/Resources/libFontRegistry.dylib
0x00007fff2b8b3000 	/System/Library/PrivateFrameworks/FontServices.framework/libhvf.dylib
0x00007fff2b273000 	/System/Library/PrivateFrameworks/AppleVA.framework/Versions/A/AppleVA
0x00007fff2cfc8000 	/System/Library/Frameworks/ApplicationServices.framework/Versions/A/Frameworks/ATS.framework/Versions/A/ATS
0x00007fff2d2da000 	/System/Library/Frameworks/ApplicationServices.framework/Versions/A/Frameworks/ColorSyncLegacy.framework/Versions/A/ColorSyncLegacy
0x00007fff258ec000 	/System/Library/Frameworks/ApplicationServices.framework/Versions/A/Frameworks/HIServices.framework/Versions/A/HIServices
0x00007fff2d2bf000 	/System/Library/Frameworks/ApplicationServices.framework/Versions/A/Frameworks/LangAnalysis.framework/Versions/A/LangAnalysis
0x00007fff2bf93000 	/System/Library/Frameworks/ApplicationServices.framework/Versions/A/Frameworks/PrintCore.framework/Versions/A/PrintCore
0x00007fff2d2e2000 	/System/Library/Frameworks/ApplicationServices.framework/Versions/A/Frameworks/QD.framework/Versions/A/QD
0x00007fff2cfb8000 	/System/Library/Frameworks/ApplicationServices.framework/Versions/A/Frameworks/SpeechSynthesis.framework/Versions/A/SpeechSynthesis
0x00007fff2bf54000 	/System/Library/Frameworks/ApplicationServices.framework/Versions/A/Frameworks/ATSUI.framework/Versions/A/ATSUI
0x00007fff2d25f000 	/usr/lib/libcups.2.dylib
0x00007fff2d2cf000 	/System/Library/PrivateFrameworks/NetAuth.framework/Versions/A/NetAuth
0x00007fff2d979000 	/System/Library/Frameworks/Kerberos.framework/Versions/A/Kerberos
0x00007fff2d989000 	/System/Library/Frameworks/GSS.framework/Versions/A/GSS
0x00007fff2d034000 	/usr/lib/libresolv.9.dylib
0x00007fff2b8c8000 	/System/Library/PrivateFrameworks/Heimdal.framework/Versions/A/Heimdal
0x00007fff3370d000 	/System/Library/Frameworks/Kerberos.framework/Versions/A/Libraries/libHeimdalProxy.dylib
0x00007fff264d2000 	/System/Library/Frameworks/Network.framework/Versions/A/Network
0x00007fff2b2e1000 	/usr/lib/libheimdal-asn1.dylib
0x00007fff2d9d9000 	/System/Library/PrivateFrameworks/CommonAuth.framework/Versions/A/CommonAuth
0x00007fff27536000 	/System/Library/PrivateFrameworks/login.framework/Versions/A/Frameworks/loginsupport.framework/Versions/A/loginsupport
0x00007fff2cf3d000 	/System/Library/PrivateFrameworks/AudioSession.framework/Versions/A/AudioSession
0x00007fff2cfa5000 	/usr/lib/libAudioStatistics.dylib
0x00007fff2b36e000 	/System/Library/PrivateFrameworks/MediaExperience.framework/Versions/A/MediaExperience
0x00007fff2cdda000 	/System/Library/PrivateFrameworks/AudioSession.framework/libSessionUtility.dylib
0x00007fff2d96a000 	/usr/lib/libperfcheck.dylib
0x00007fff2d2ee000 	/System/Library/PrivateFrameworks/AudioResourceArbitration.framework/Versions/A/AudioResourceArbitration
0x00007fff2b2eb000 	/System/Library/PrivateFrameworks/IconFoundation.framework/Versions/A/IconFoundation
0x00007fff2fe17000 	/System/Library/PrivateFrameworks/SpeechRecognitionCore.framework/Versions/A/SpeechRecognitionCore
0x0000000107800000 	/Library/Internet Plug-Ins/JavaAppletPlugin.plugin/Contents/Home/lib/server/libjvm.dylib
0x0000000105501000 	/Library/Internet Plug-Ins/JavaAppletPlugin.plugin/Contents/Home/lib/libverify.dylib
0x0000000105512000 	/Library/Internet Plug-Ins/JavaAppletPlugin.plugin/Contents/Home/lib/libjava.dylib
0x0000000105546000 	/Library/Internet Plug-Ins/JavaAppletPlugin.plugin/Contents/Home/lib/libjdwp.dylib
0x0000000105590000 	/Library/Internet Plug-Ins/JavaAppletPlugin.plugin/Contents/Home/lib/libnpt.dylib
0x0000000105599000 	/Library/Internet Plug-Ins/JavaAppletPlugin.plugin/Contents/Home/lib/libinstrument.dylib
0x0000000105604000 	/Library/Internet Plug-Ins/JavaAppletPlugin.plugin/Contents/Home/lib/libzip.dylib
0x000000010565a000 	/Library/Internet Plug-Ins/JavaAppletPlugin.plugin/Contents/Home/lib/libdt_socket.dylib
0x000000010fc81000 	/Library/Internet Plug-Ins/JavaAppletPlugin.plugin/Contents/Home/lib/libmanagement.dylib
0x000000010fc93000 	/Library/Internet Plug-Ins/JavaAppletPlugin.plugin/Contents/Home/lib/libnet.dylib
0x000000010fcad000 	/Library/Internet Plug-Ins/JavaAppletPlugin.plugin/Contents/Home/lib/libnio.dylib
0x00000001112e5000 	/private/var/folders/6z/y_fdcgxj6nj6ls6cjjt6hvwc0000gn/T/sqlite-3.31.1-b3fcf353-0d59-406f-bbf1-fe7a96a0066e-libsqlitejdbc.jnilib

VM Arguments:
jvm_args: -agentlib:jdwp=transport=dt_socket,suspend=y,address=localhost:52307 -Dcom.sun.management.jmxremote -Dcom.sun.management.jmxremote.port=52306 -Dcom.sun.management.jmxremote.authenticate=false -Dcom.sun.management.jmxremote.ssl=false -Djava.rmi.server.hostname=localhost -Dspring.jmx.enabled=true -Dspring.application.admin.enabled=true -Djava.security.egd=file:/dev/./urandom -XX:TieredStopAtLevel=1 -Dspring.boot.project.name=JumiaTask -javaagent:/Applications/SpringToolSuite4.app/Contents/Eclipse/configuration/org.eclipse.osgi/255/0/.cp/lib/javaagent-shaded.jar -Dfile.encoding=UTF-8 
java_command: com.jumia.app.JumiaTask --spring.output.ansi.enabled=always
java_class_path (initial): /Users/Osama/Data/Private/Task/Jumia_BE/target/classes:/Applications/SpringToolSuite4.app/Contents/Eclipse/plugins/org.junit_4.13.0.v20200204-1500.jar:/Applications/SpringToolSuite4.app/Contents/Eclipse/plugins/org.hamcrest.core_1.3.0.v20180420-1519.jar:/Users/Osama/.m2/repository/org/springframework/boot/spring-boot-starter-data-jpa/2.3.4.RELEASE/spring-boot-starter-data-jpa-2.3.4.RELEASE.jar:/Users/Osama/.m2/repository/org/springframework/boot/spring-boot-starter-aop/2.3.4.RELEASE/spring-boot-starter-aop-2.3.4.RELEASE.jar:/Users/Osama/.m2/repository/org/springframework/spring-aop/5.2.9.RELEASE/spring-aop-5.2.9.RELEASE.jar:/Users/Osama/.m2/repository/org/aspectj/aspectjweaver/1.9.6/aspectjweaver-1.9.6.jar:/Users/Osama/.m2/repository/org/springframework/boot/spring-boot-starter-jdbc/2.3.4.RELEASE/spring-boot-starter-jdbc-2.3.4.RELEASE.jar:/Users/Osama/.m2/repository/com/zaxxer/HikariCP/3.4.5/HikariCP-3.4.5.jar:/Users/Osama/.m2/repository/org/springframework/spring-jdbc/5.2.9.RELEASE/spring-jdbc-5.2.9.RELEASE.jar:/Users/Osama/.m2/repository/jakarta/transaction/jakarta.transaction-api/1.3.3/jakarta.transaction-api-1.3.3.jar:/Users/Osama/.m2/repository/jakarta/persistence/jakarta.persistence-api/2.2.3/jakarta.persistence-api-2.2.3.jar:/Users/Osama/.m2/repository/org/hibernate/hibernate-core/5.4.21.Final/hibernate-core-5.4.21.Final.jar:/Users/Osama/.m2/repository/org/jboss/logging/jboss-logging/3.4.1.Final/jboss-logging-3.4.1.Final.jar:/Users/Osama/.m2/repository/org/javassist/javassist/3.24.0-GA/javassist-3.24.0-GA.jar:/Users/Osama/.m2/repository/antlr/antlr/2.7.7/antlr-2.7.7.jar:/Users/Osama/.m2/repository/org/jboss/jandex/2.1.3.Final/jandex-2.1.3.Final.jar:/Users/Osama/.m2/repository/com/fasterxml/classmate/1.5.1/classmate-1.5.1.jar:/Users/Osama/.m2/repository/org/dom4j/dom4j/2.1.3/dom4j-2.1.3.jar:/Users/Osama/.m2/repository/org/hibernate/common/hibernate-commons-annotations/5.1.0.Final/hibernate-commons-annotations-5.1.0.Final.jar:/Users
Launcher Type: SUN_STANDARD

Environment Variables:
PATH=/usr/bin:/bin:/usr/sbin:/sbin
SHELL=/bin/zsh
DISPLAY=/private/tmp/com.apple.launchd.OOpcpWqaBm/org.xquartz:0

Signal Handlers:
SIGSEGV: [libjvm.dylib+0x59afc1], sa_mask[0]=11111111011111110111111111111111, sa_flags=SA_ONSTACK|SA_RESTART|SA_SIGINFO
SIGBUS: [libjvm.dylib+0x59afc1], sa_mask[0]=11111111011111110111111111111111, sa_flags=SA_RESTART|SA_SIGINFO
SIGFPE: [libjvm.dylib+0x48e907], sa_mask[0]=11111111011111110111111111111111, sa_flags=SA_RESTART|SA_SIGINFO
SIGPIPE: [libjvm.dylib+0x48e907], sa_mask[0]=11111111011111110111111111111111, sa_flags=SA_RESTART|SA_SIGINFO
SIGXFSZ: [libjvm.dylib+0x48e907], sa_mask[0]=11111111011111110111111111111111, sa_flags=SA_RESTART|SA_SIGINFO
SIGILL: [libjvm.dylib+0x48e907], sa_mask[0]=11111111011111110111111111111111, sa_flags=SA_RESTART|SA_SIGINFO
SIGUSR1: SIG_DFL, sa_mask[0]=00000000000000000000000000000000, sa_flags=none
SIGUSR2: [libjvm.dylib+0x48f1f6], sa_mask[0]=00100000000000000000000000000000, sa_flags=SA_RESTART|SA_SIGINFO
SIGHUP: [libjvm.dylib+0x48d453], sa_mask[0]=11111111011111110111111111111111, sa_flags=SA_RESTART|SA_SIGINFO
SIGINT: [libjvm.dylib+0x48d453], sa_mask[0]=11111111011111110111111111111111, sa_flags=SA_RESTART|SA_SIGINFO
SIGTERM: [libjvm.dylib+0x48d453], sa_mask[0]=11111111011111110111111111111111, sa_flags=SA_RESTART|SA_SIGINFO
SIGQUIT: [libjvm.dylib+0x48d453], sa_mask[0]=11111111011111110111111111111111, sa_flags=SA_RESTART|SA_SIGINFO


---------------  S Y S T E M  ---------------

OS:Bsduname:Darwin 20.3.0 Darwin Kernel Version 20.3.0: Thu Jan 21 00:07:06 PST 2021; root:xnu-7195.81.3~1/RELEASE_X86_64 x86_64
rlimit: STACK 8192k, CORE 0k, NPROC 1392, NOFILE 10240, AS infinity
load average:8.22 7.74 8.06

CPU:total 4 (initial active 4) (2 cores per cpu, 2 threads per core) family 6 model 61 stepping 4, cmov, cx8, fxsr, mmx, sse, sse2, sse3, ssse3, sse4.1, sse4.2, popcnt, avx, avx2, aes, clmul, erms, 3dnowpref, lzcnt, ht, tsc, tscinvbit, bmi1, bmi2, adx

Memory: 4k page, physical 8388608k(512672k free)

/proc/meminfo:


vm_info: Java HotSpot(TM) 64-Bit Server VM (25.291-b10) for bsd-amd64 JRE (1.8.0_291-b10), built on Apr  8 2021 02:17:24 by "java_re" with gcc 4.2.1 Compatible Apple LLVM 11.0.0 (clang-1100.0.33.17)

time: Fri Mar 18 20:52:49 2022
timezone: EET
elapsed time: 1554.262591 seconds (0d 0h 25m 54s)

